{"D:\\rsschool\\BearVibe-Landing-Page\\brearvibe\\src\\App.tsx": {"path":"D:\\rsschool\\BearVibe-Landing-Page\\brearvibe\\src\\App.tsx","statementMap":{"0":{"start":{"line":1,"column":0},"end":{"line":1,"column":48}},"1":{"start":{"line":2,"column":0},"end":{"line":2,"column":20}},"2":{"start":{"line":3,"column":0},"end":{"line":3,"column":48}},"3":{"start":{"line":4,"column":0},"end":{"line":4,"column":37}},"4":{"start":{"line":5,"column":0},"end":{"line":5,"column":37}},"5":{"start":{"line":6,"column":0},"end":{"line":6,"column":74}},"6":{"start":{"line":7,"column":0},"end":{"line":7,"column":51}},"7":{"start":{"line":8,"column":0},"end":{"line":8,"column":54}},"8":{"start":{"line":9,"column":0},"end":{"line":9,"column":51}},"9":{"start":{"line":10,"column":0},"end":{"line":10,"column":45}},"10":{"start":{"line":11,"column":0},"end":{"line":11,"column":57}},"11":{"start":{"line":12,"column":0},"end":{"line":12,"column":60}},"12":{"start":{"line":15,"column":2},"end":{"line":32,"column":4}},"13":{"start":{"line":35,"column":0},"end":{"line":35,"column":19}}},"fnMap":{"0":{"name":"App","decl":{"start":{"line":14,"column":9},"end":{"line":14,"column":12}},"loc":{"start":{"line":14,"column":12},"end":{"line":33,"column":1}}}},"branchMap":{},"s":{"0":0,"1":0,"2":0,"3":0,"4":0,"5":0,"6":0,"7":0,"8":0,"9":0,"10":0,"11":0,"12":0,"13":0},"f":{"0":0},"b":{}}
,"D:\\rsschool\\BearVibe-Landing-Page\\brearvibe\\src\\main.tsx": {"path":"D:\\rsschool\\BearVibe-Landing-Page\\brearvibe\\src\\main.tsx","statementMap":{"0":{"start":{"line":1,"column":0},"end":{"line":1,"column":26}},"1":{"start":{"line":2,"column":0},"end":{"line":2,"column":40}},"2":{"start":{"line":3,"column":0},"end":{"line":3,"column":28}},"3":{"start":{"line":4,"column":0},"end":{"line":4,"column":21}},"4":{"start":{"line":5,"column":0},"end":{"line":5,"column":39}},"5":{"start":{"line":6,"column":0},"end":{"line":6,"column":41}},"6":{"start":{"line":8,"column":0},"end":{"line":14,"column":2}}},"fnMap":{},"branchMap":{},"s":{"0":0,"1":0,"2":0,"3":0,"4":0,"5":0,"6":0},"f":{},"b":{}}
,"D:\\rsschool\\BearVibe-Landing-Page\\brearvibe\\src\\vite-env.d.ts": {"path":"D:\\rsschool\\BearVibe-Landing-Page\\brearvibe\\src\\vite-env.d.ts","statementMap":{},"fnMap":{},"branchMap":{},"s":{},"f":{},"b":{}}
,"D:\\rsschool\\BearVibe-Landing-Page\\brearvibe\\src\\Components\\404\\ErrorPage.tsx": {"path":"D:\\rsschool\\BearVibe-Landing-Page\\brearvibe\\src\\Components\\404\\ErrorPage.tsx","statementMap":{"0":{"start":{"line":1,"column":0},"end":{"line":1,"column":40}},"1":{"start":{"line":2,"column":0},"end":{"line":2,"column":26}},"2":{"start":{"line":5,"column":2},"end":{"line":16,"column":4}},"3":{"start":{"line":19,"column":0},"end":{"line":19,"column":25}}},"fnMap":{"0":{"name":"ErrorPage","decl":{"start":{"line":4,"column":9},"end":{"line":4,"column":18}},"loc":{"start":{"line":4,"column":18},"end":{"line":17,"column":1}}}},"branchMap":{},"s":{"0":0,"1":0,"2":0,"3":0},"f":{"0":0},"b":{}}
,"D:\\rsschool\\BearVibe-Landing-Page\\brearvibe\\src\\Components\\About\\About.scss": {"path":"D:\\rsschool\\BearVibe-Landing-Page\\brearvibe\\src\\Components\\About\\About.scss","statementMap":{"0":{"start":{"line":1,"column":0},"end":{"line":1,"column":1227}}},"fnMap":{},"branchMap":{},"s":{"0":1},"f":{},"b":{},"_coverageSchema":"1a1c01bbd47fc00a2c39e90264f33305004495a9","hash":"4a0c1d707032f0ff01affec72342a31f34795dfe"}
,"D:\\rsschool\\BearVibe-Landing-Page\\brearvibe\\src\\Components\\About\\About.tsx": {"path":"D:\\rsschool\\BearVibe-Landing-Page\\brearvibe\\src\\Components\\About\\About.tsx","statementMap":{"0":{"start":{"line":1,"column":0},"end":{"line":1,"column":43}},"1":{"start":{"line":2,"column":0},"end":{"line":2,"column":34}},"2":{"start":{"line":4,"column":0},"end":{"line":4,"column":22}},"3":{"start":{"line":5,"column":0},"end":{"line":5,"column":38}},"4":{"start":{"line":6,"column":0},"end":{"line":6,"column":38}},"5":{"start":{"line":9,"column":37},"end":{"line":9,"column":61}},"6":{"start":{"line":10,"column":32},"end":{"line":10,"column":36}},"7":{"start":{"line":12,"column":2},"end":{"line":18,"column":20}},"8":{"start":{"line":13,"column":4},"end":{"line":17,"column":5}},"9":{"start":{"line":14,"column":6},"end":{"line":14,"column":13}},"10":{"start":{"line":15,"column":11},"end":{"line":17,"column":5}},"11":{"start":{"line":16,"column":6},"end":{"line":16,"column":38}},"12":{"start":{"line":20,"column":2},"end":{"line":22,"column":3}},"13":{"start":{"line":21,"column":4},"end":{"line":21,"column":22}},"14":{"start":{"line":24,"column":2},"end":{"line":43,"column":4}},"15":{"start":{"line":46,"column":0},"end":{"line":46,"column":21}}},"fnMap":{"0":{"name":"About","decl":{"start":{"line":8,"column":9},"end":{"line":8,"column":14}},"loc":{"start":{"line":8,"column":14},"end":{"line":44,"column":1}}},"1":{"name":"(anonymous_2)","decl":{"start":{"line":12,"column":12},"end":{"line":12,"column":15}},"loc":{"start":{"line":12,"column":17},"end":{"line":18,"column":3}}}},"branchMap":{"0":{"loc":{"start":{"line":13,"column":4},"end":{"line":17,"column":5}},"type":"if","locations":[{"start":{"line":13,"column":4},"end":{"line":17,"column":5}},{"start":{"line":15,"column":11},"end":{"line":17,"column":5}}]},"1":{"loc":{"start":{"line":15,"column":11},"end":{"line":17,"column":5}},"type":"if","locations":[{"start":{"line":15,"column":11},"end":{"line":17,"column":5}}]},"2":{"loc":{"start":{"line":20,"column":2},"end":{"line":22,"column":3}},"type":"if","locations":[{"start":{"line":20,"column":2},"end":{"line":22,"column":3}}]}},"s":{"0":1,"1":1,"2":1,"3":1,"4":1,"5":2,"6":2,"7":2,"8":1,"9":0,"10":1,"11":0,"12":2,"13":2,"14":0,"15":1},"f":{"0":2,"1":1},"b":{"0":[0,1],"1":[0],"2":[2]}}
,"D:\\rsschool\\BearVibe-Landing-Page\\brearvibe\\src\\Components\\CatalogProducts\\CatalogProducts.tsx": {"path":"D:\\rsschool\\BearVibe-Landing-Page\\brearvibe\\src\\Components\\CatalogProducts\\CatalogProducts.tsx","statementMap":{"0":{"start":{"line":1,"column":0},"end":{"line":1,"column":34}},"1":{"start":{"line":2,"column":0},"end":{"line":2,"column":62}},"2":{"start":{"line":4,"column":0},"end":{"line":4,"column":41}},"3":{"start":{"line":5,"column":0},"end":{"line":5,"column":32}},"4":{"start":{"line":6,"column":0},"end":{"line":6,"column":55}},"5":{"start":{"line":7,"column":0},"end":{"line":7,"column":83}},"6":{"start":{"line":14,"column":19},"end":{"line":14,"column":32}},"7":{"start":{"line":15,"column":22},"end":{"line":15,"column":52}},"8":{"start":{"line":17,"column":2},"end":{"line":34,"column":35}},"9":{"start":{"line":18,"column":22},"end":{"line":31,"column":5}},"10":{"start":{"line":19,"column":6},"end":{"line":30,"column":7}},"11":{"start":{"line":21,"column":8},"end":{"line":26,"column":9}},"12":{"start":{"line":22,"column":10},"end":{"line":22,"column":56}},"13":{"start":{"line":25,"column":10},"end":{"line":25,"column":40}},"14":{"start":{"line":27,"column":8},"end":{"line":27,"column":36}},"15":{"start":{"line":29,"column":8},"end":{"line":29,"column":57}},"16":{"start":{"line":33,"column":4},"end":{"line":33,"column":16}},"17":{"start":{"line":36,"column":2},"end":{"line":42,"column":4}},"18":{"start":{"line":39,"column":8},"end":{"line":39,"column":31}},"19":{"start":{"line":45,"column":0},"end":{"line":45,"column":31}}},"fnMap":{"0":{"name":"CatalogProducts","decl":{"start":{"line":13,"column":9},"end":{"line":13,"column":24}},"loc":{"start":{"line":13,"column":67},"end":{"line":43,"column":1}}},"1":{"name":"(anonymous_2)","decl":{"start":{"line":17,"column":12},"end":{"line":17,"column":15}},"loc":{"start":{"line":17,"column":17},"end":{"line":34,"column":3}}},"2":{"name":"(anonymous_3)","decl":{"start":{"line":18,"column":22},"end":{"line":18,"column":27}},"loc":{"start":{"line":18,"column":33},"end":{"line":31,"column":5}}},"3":{"name":"(anonymous_4)","decl":{"start":{"line":38,"column":23},"end":{"line":38,"column":24}},"loc":{"start":{"line":39,"column":8},"end":{"line":39,"column":31}}}},"branchMap":{"0":{"loc":{"start":{"line":21,"column":8},"end":{"line":26,"column":9}},"type":"if","locations":[{"start":{"line":21,"column":8},"end":{"line":26,"column":9}},{"start":{"line":23,"column":15},"end":{"line":26,"column":9}}]},"1":{"loc":{"start":{"line":21,"column":12},"end":{"line":21,"column":58}},"type":"binary-expr","locations":[{"start":{"line":21,"column":12},"end":{"line":21,"column":28}},{"start":{"line":21,"column":32},"end":{"line":21,"column":58}}]}},"s":{"0":0,"1":0,"2":0,"3":0,"4":0,"5":0,"6":0,"7":0,"8":0,"9":0,"10":0,"11":0,"12":0,"13":0,"14":0,"15":0,"16":0,"17":0,"18":0,"19":0},"f":{"0":0,"1":0,"2":0,"3":0},"b":{"0":[0,0],"1":[0,0]}}
,"D:\\rsschool\\BearVibe-Landing-Page\\brearvibe\\src\\Components\\Categories\\Categories.tsx": {"path":"D:\\rsschool\\BearVibe-Landing-Page\\brearvibe\\src\\Components\\Categories\\Categories.tsx","statementMap":{"0":{"start":{"line":2,"column":0},"end":{"line":2,"column":55}},"1":{"start":{"line":4,"column":0},"end":{"line":4,"column":26}},"2":{"start":{"line":5,"column":0},"end":{"line":5,"column":89}},"3":{"start":{"line":6,"column":0},"end":{"line":6,"column":64}},"4":{"start":{"line":7,"column":0},"end":{"line":7,"column":44}},"5":{"start":{"line":15,"column":19},"end":{"line":15,"column":32}},"6":{"start":{"line":16,"column":21},"end":{"line":16,"column":53}},"7":{"start":{"line":17,"column":46},"end":{"line":17,"column":75}},"8":{"start":{"line":19,"column":2},"end":{"line":30,"column":17}},"9":{"start":{"line":20,"column":28},"end":{"line":27,"column":5}},"10":{"start":{"line":21,"column":6},"end":{"line":26,"column":7}},"11":{"start":{"line":22,"column":31},"end":{"line":22,"column":55}},"12":{"start":{"line":23,"column":8},"end":{"line":23,"column":48}},"13":{"start":{"line":25,"column":8},"end":{"line":25,"column":59}},"14":{"start":{"line":29,"column":4},"end":{"line":29,"column":22}},"15":{"start":{"line":32,"column":30},"end":{"line":35,"column":3}},"16":{"start":{"line":33,"column":4},"end":{"line":33,"column":32}},"17":{"start":{"line":34,"column":4},"end":{"line":34,"column":30}},"18":{"start":{"line":37,"column":2},"end":{"line":49,"column":4}},"19":{"start":{"line":40,"column":8},"end":{"line":42,"column":null}},"20":{"start":{"line":43,"column":25},"end":{"line":43,"column":66}},"21":{"start":{"line":52,"column":0},"end":{"line":52,"column":26}}},"fnMap":{"0":{"name":"Categories","decl":{"start":{"line":14,"column":9},"end":{"line":14,"column":19}},"loc":{"start":{"line":14,"column":56},"end":{"line":50,"column":1}}},"1":{"name":"(anonymous_1)","decl":{"start":{"line":19,"column":12},"end":{"line":19,"column":15}},"loc":{"start":{"line":19,"column":17},"end":{"line":30,"column":3}}},"2":{"name":"(anonymous_2)","decl":{"start":{"line":20,"column":28},"end":{"line":20,"column":33}},"loc":{"start":{"line":20,"column":39},"end":{"line":27,"column":5}}},"3":{"name":"(anonymous_3)","decl":{"start":{"line":32,"column":30},"end":{"line":32,"column":31}},"loc":{"start":{"line":32,"column":51},"end":{"line":35,"column":3}}},"4":{"name":"(anonymous_4)","decl":{"start":{"line":39,"column":22},"end":{"line":39,"column":23}},"loc":{"start":{"line":40,"column":8},"end":{"line":42,"column":null}}},"5":{"name":"(anonymous_5)","decl":{"start":{"line":43,"column":19},"end":{"line":43,"column":22}},"loc":{"start":{"line":43,"column":25},"end":{"line":43,"column":66}}}},"branchMap":{"0":{"loc":{"start":{"line":41,"column":41},"end":{"line":41,"column":96}},"type":"cond-expr","locations":[{"start":{"line":41,"column":83},"end":{"line":41,"column":91}},{"start":{"line":41,"column":94},"end":{"line":41,"column":96}}]}},"s":{"0":0,"1":0,"2":0,"3":0,"4":0,"5":0,"6":0,"7":0,"8":0,"9":0,"10":0,"11":0,"12":0,"13":0,"14":0,"15":0,"16":0,"17":0,"18":0,"19":0,"20":0,"21":0},"f":{"0":0,"1":0,"2":0,"3":0,"4":0,"5":0},"b":{"0":[0,0]}}
,"D:\\rsschool\\BearVibe-Landing-Page\\brearvibe\\src\\Components\\Contact\\Contact.scss": {"path":"D:\\rsschool\\BearVibe-Landing-Page\\brearvibe\\src\\Components\\Contact\\Contact.scss","statementMap":{"0":{"start":{"line":1,"column":0},"end":{"line":1,"column":1616}}},"fnMap":{},"branchMap":{},"s":{"0":2},"f":{},"b":{},"_coverageSchema":"1a1c01bbd47fc00a2c39e90264f33305004495a9","hash":"d120dedccdf239a4d3b3f9d9d11fae7c3a7ddac5"}
,"D:\\rsschool\\BearVibe-Landing-Page\\brearvibe\\src\\Components\\Contact\\Contact.tsx": {"path":"D:\\rsschool\\BearVibe-Landing-Page\\brearvibe\\src\\Components\\Contact\\Contact.tsx","statementMap":{"0":{"start":{"line":1,"column":0},"end":{"line":1,"column":34}},"1":{"start":{"line":2,"column":0},"end":{"line":2,"column":43}},"2":{"start":{"line":4,"column":0},"end":{"line":4,"column":38}},"3":{"start":{"line":5,"column":0},"end":{"line":5,"column":49}},"4":{"start":{"line":6,"column":0},"end":{"line":6,"column":44}},"5":{"start":{"line":7,"column":0},"end":{"line":7,"column":46}},"6":{"start":{"line":8,"column":0},"end":{"line":8,"column":42}},"7":{"start":{"line":9,"column":0},"end":{"line":9,"column":24}},"8":{"start":{"line":11,"column":37},"end":{"line":11,"column":63}},"9":{"start":{"line":12,"column":30},"end":{"line":12,"column":34}},"10":{"start":{"line":14,"column":2},"end":{"line":18,"column":20}},"11":{"start":{"line":15,"column":4},"end":{"line":17,"column":5}},"12":{"start":{"line":16,"column":11},"end":{"line":17,"column":5}},"13":{"start":{"line":20,"column":2},"end":{"line":22,"column":3}},"14":{"start":{"line":21,"column":4},"end":{"line":21,"column":22}},"15":{"start":{"line":24,"column":2},"end":{"line":60,"column":4}},"16":{"start":{"line":63,"column":0},"end":{"line":63,"column":23}}},"fnMap":{"0":{"name":"Contact","decl":{"start":{"line":10,"column":9},"end":{"line":10,"column":16}},"loc":{"start":{"line":10,"column":16},"end":{"line":61,"column":1}}},"1":{"name":"(anonymous_2)","decl":{"start":{"line":14,"column":12},"end":{"line":14,"column":15}},"loc":{"start":{"line":14,"column":17},"end":{"line":18,"column":3}}}},"branchMap":{"0":{"loc":{"start":{"line":15,"column":4},"end":{"line":17,"column":5}},"type":"if","locations":[{"start":{"line":15,"column":4},"end":{"line":17,"column":5}},{"start":{"line":16,"column":11},"end":{"line":17,"column":5}}]},"1":{"loc":{"start":{"line":16,"column":11},"end":{"line":17,"column":5}},"type":"if","locations":[{"start":{"line":16,"column":11},"end":{"line":17,"column":5}}]},"2":{"loc":{"start":{"line":20,"column":2},"end":{"line":22,"column":3}},"type":"if","locations":[{"start":{"line":20,"column":2},"end":{"line":22,"column":3}}]}},"s":{"0":2,"1":2,"2":2,"3":2,"4":2,"5":2,"6":2,"7":2,"8":4,"9":4,"10":4,"11":2,"12":2,"13":4,"14":4,"15":0,"16":2},"f":{"0":4,"1":2},"b":{"0":[0,2],"1":[0],"2":[4]}}
,"D:\\rsschool\\BearVibe-Landing-Page\\brearvibe\\src\\Components\\Footer\\Footer.scss": {"path":"D:\\rsschool\\BearVibe-Landing-Page\\brearvibe\\src\\Components\\Footer\\Footer.scss","statementMap":{"0":{"start":{"line":1,"column":0},"end":{"line":1,"column":433}}},"fnMap":{},"branchMap":{},"s":{"0":1},"f":{},"b":{},"_coverageSchema":"1a1c01bbd47fc00a2c39e90264f33305004495a9","hash":"65d3d32654b7c443304177a6355d5f58e70018ba"}
,"D:\\rsschool\\BearVibe-Landing-Page\\brearvibe\\src\\Components\\Footer\\Footer.tsx": {"path":"D:\\rsschool\\BearVibe-Landing-Page\\brearvibe\\src\\Components\\Footer\\Footer.tsx","statementMap":{"0":{"start":{"line":1,"column":0},"end":{"line":1,"column":43}},"1":{"start":{"line":2,"column":0},"end":{"line":2,"column":32}},"2":{"start":{"line":3,"column":0},"end":{"line":3,"column":23}},"3":{"start":{"line":6,"column":2},"end":{"line":14,"column":4}},"4":{"start":{"line":17,"column":0},"end":{"line":17,"column":22}}},"fnMap":{"0":{"name":"Footer","decl":{"start":{"line":5,"column":9},"end":{"line":5,"column":15}},"loc":{"start":{"line":5,"column":15},"end":{"line":15,"column":1}}}},"branchMap":{},"s":{"0":1,"1":1,"2":1,"3":1,"4":1},"f":{"0":1},"b":{}}
,"D:\\rsschool\\BearVibe-Landing-Page\\brearvibe\\src\\Components\\Header\\Header.scss": {"path":"D:\\rsschool\\BearVibe-Landing-Page\\brearvibe\\src\\Components\\Header\\Header.scss","statementMap":{"0":{"start":{"line":1,"column":0},"end":{"line":1,"column":3073}}},"fnMap":{},"branchMap":{},"s":{"0":1},"f":{},"b":{},"_coverageSchema":"1a1c01bbd47fc00a2c39e90264f33305004495a9","hash":"e06ae0cfd61ff37669f7d4203ab3c1f7a4e72936"}
,"D:\\rsschool\\BearVibe-Landing-Page\\brearvibe\\src\\Components\\Header\\Header.tsx": {"path":"D:\\rsschool\\BearVibe-Landing-Page\\brearvibe\\src\\Components\\Header\\Header.tsx","statementMap":{"0":{"start":{"line":1,"column":0},"end":{"line":1,"column":44}},"1":{"start":{"line":2,"column":0},"end":{"line":2,"column":71}},"2":{"start":{"line":3,"column":0},"end":{"line":3,"column":23}},"3":{"start":{"line":4,"column":0},"end":{"line":4,"column":40}},"4":{"start":{"line":5,"column":0},"end":{"line":5,"column":50}},"5":{"start":{"line":6,"column":0},"end":{"line":6,"column":32}},"6":{"start":{"line":9,"column":34},"end":{"line":9,"column":49}},"7":{"start":{"line":10,"column":30},"end":{"line":10,"column":45}},"8":{"start":{"line":12,"column":21},"end":{"line":19,"column":3}},"9":{"start":{"line":13,"column":4},"end":{"line":13,"column":27}},"10":{"start":{"line":14,"column":4},"end":{"line":18,"column":5}},"11":{"start":{"line":15,"column":6},"end":{"line":15,"column":38}},"12":{"start":{"line":17,"column":6},"end":{"line":17,"column":39}},"13":{"start":{"line":21,"column":20},"end":{"line":24,"column":3}},"14":{"start":{"line":22,"column":4},"end":{"line":22,"column":23}},"15":{"start":{"line":23,"column":4},"end":{"line":23,"column":36}},"16":{"start":{"line":26,"column":23},"end":{"line":33,"column":3}},"17":{"start":{"line":27,"column":22},"end":{"line":27,"column":36}},"18":{"start":{"line":28,"column":4},"end":{"line":32,"column":5}},"19":{"start":{"line":29,"column":6},"end":{"line":29,"column":22}},"20":{"start":{"line":31,"column":6},"end":{"line":31,"column":23}},"21":{"start":{"line":35,"column":2},"end":{"line":40,"column":9}},"22":{"start":{"line":36,"column":4},"end":{"line":36,"column":52}},"23":{"start":{"line":37,"column":4},"end":{"line":39,"column":6}},"24":{"start":{"line":38,"column":6},"end":{"line":38,"column":57}},"25":{"start":{"line":42,"column":2},"end":{"line":78,"column":4}},"26":{"start":{"line":81,"column":0},"end":{"line":81,"column":22}}},"fnMap":{"0":{"name":"Header","decl":{"start":{"line":8,"column":9},"end":{"line":8,"column":15}},"loc":{"start":{"line":8,"column":15},"end":{"line":79,"column":1}}},"1":{"name":"(anonymous_2)","decl":{"start":{"line":12,"column":21},"end":{"line":12,"column":24}},"loc":{"start":{"line":12,"column":26},"end":{"line":19,"column":3}}},"2":{"name":"(anonymous_3)","decl":{"start":{"line":21,"column":20},"end":{"line":21,"column":23}},"loc":{"start":{"line":21,"column":25},"end":{"line":24,"column":3}}},"3":{"name":"(anonymous_4)","decl":{"start":{"line":26,"column":23},"end":{"line":26,"column":26}},"loc":{"start":{"line":26,"column":28},"end":{"line":33,"column":3}}},"4":{"name":"(anonymous_5)","decl":{"start":{"line":35,"column":12},"end":{"line":35,"column":15}},"loc":{"start":{"line":35,"column":17},"end":{"line":40,"column":3}}},"5":{"name":"(anonymous_6)","decl":{"start":{"line":37,"column":11},"end":{"line":37,"column":14}},"loc":{"start":{"line":37,"column":16},"end":{"line":39,"column":5}}}},"branchMap":{"0":{"loc":{"start":{"line":14,"column":4},"end":{"line":18,"column":5}},"type":"if","locations":[{"start":{"line":14,"column":4},"end":{"line":18,"column":5}},{"start":{"line":16,"column":11},"end":{"line":18,"column":5}}]},"1":{"loc":{"start":{"line":28,"column":4},"end":{"line":32,"column":5}},"type":"if","locations":[{"start":{"line":28,"column":4},"end":{"line":32,"column":5}},{"start":{"line":30,"column":11},"end":{"line":32,"column":5}}]},"2":{"loc":{"start":{"line":43,"column":30},"end":{"line":43,"column":52}},"type":"cond-expr","locations":[{"start":{"line":43,"column":39},"end":{"line":43,"column":47}},{"start":{"line":43,"column":50},"end":{"line":43,"column":52}}]},"3":{"loc":{"start":{"line":46,"column":70},"end":{"line":46,"column":92}},"type":"cond-expr","locations":[{"start":{"line":46,"column":81},"end":{"line":46,"column":87}},{"start":{"line":46,"column":90},"end":{"line":46,"column":92}}]},"4":{"loc":{"start":{"line":49,"column":50},"end":{"line":49,"column":72}},"type":"cond-expr","locations":[{"start":{"line":49,"column":61},"end":{"line":49,"column":67}},{"start":{"line":49,"column":70},"end":{"line":49,"column":72}}]}},"s":{"0":1,"1":1,"2":1,"3":1,"4":1,"5":1,"6":3,"7":3,"8":3,"9":2,"10":2,"11":1,"12":1,"13":3,"14":0,"15":0,"16":3,"17":0,"18":0,"19":0,"20":0,"21":3,"22":1,"23":1,"24":1,"25":3,"26":1},"f":{"0":3,"1":2,"2":0,"3":0,"4":1,"5":1},"b":{"0":[1,1],"1":[0,0],"2":[0,3],"3":[1,2],"4":[1,2]}}
,"D:\\rsschool\\BearVibe-Landing-Page\\brearvibe\\src\\Components\\Loader\\Loader.scss": {"path":"D:\\rsschool\\BearVibe-Landing-Page\\brearvibe\\src\\Components\\Loader\\Loader.scss","statementMap":{"0":{"start":{"line":1,"column":0},"end":{"line":1,"column":996}}},"fnMap":{},"branchMap":{},"s":{"0":5},"f":{},"b":{},"_coverageSchema":"1a1c01bbd47fc00a2c39e90264f33305004495a9","hash":"c479683eb2ab45d3da751eefc2d205b154b3d34c"}
,"D:\\rsschool\\BearVibe-Landing-Page\\brearvibe\\src\\Components\\Loader\\Loader.tsx": {"path":"D:\\rsschool\\BearVibe-Landing-Page\\brearvibe\\src\\Components\\Loader\\Loader.tsx","statementMap":{"0":{"start":{"line":1,"column":0},"end":{"line":1,"column":23}},"1":{"start":{"line":4,"column":2},"end":{"line":4,"column":42}},"2":{"start":{"line":7,"column":0},"end":{"line":7,"column":22}}},"fnMap":{"0":{"name":"Loader","decl":{"start":{"line":3,"column":9},"end":{"line":3,"column":15}},"loc":{"start":{"line":3,"column":15},"end":{"line":5,"column":1}}}},"branchMap":{},"s":{"0":5,"1":10,"2":5},"f":{"0":10},"b":{}}
,"D:\\rsschool\\BearVibe-Landing-Page\\brearvibe\\src\\Components\\Logo\\Logo.tsx": {"path":"D:\\rsschool\\BearVibe-Landing-Page\\brearvibe\\src\\Components\\Logo\\Logo.tsx","statementMap":{"0":{"start":{"line":2,"column":0},"end":{"line":2,"column":40}},"1":{"start":{"line":3,"column":0},"end":{"line":3,"column":41}},"2":{"start":{"line":6,"column":2},"end":{"line":14,"column":4}},"3":{"start":{"line":17,"column":0},"end":{"line":17,"column":20}}},"fnMap":{"0":{"name":"Logo","decl":{"start":{"line":5,"column":9},"end":{"line":5,"column":13}},"loc":{"start":{"line":5,"column":13},"end":{"line":15,"column":1}}}},"branchMap":{},"s":{"0":2,"1":2,"2":4,"3":2},"f":{"0":4},"b":{}}
,"D:\\rsschool\\BearVibe-Landing-Page\\brearvibe\\src\\Components\\Product\\Product.tsx": {"path":"D:\\rsschool\\BearVibe-Landing-Page\\brearvibe\\src\\Components\\Product\\Product.tsx","statementMap":{"0":{"start":{"line":2,"column":0},"end":{"line":2,"column":24}},"1":{"start":{"line":9,"column":2},"end":{"line":9,"column":46}},"2":{"start":{"line":13,"column":6},"end":{"line":13,"column":13}},"3":{"start":{"line":14,"column":19},"end":{"line":14,"column":98}},"4":{"start":{"line":15,"column":2},"end":{"line":28,"column":4}},"5":{"start":{"line":31,"column":0},"end":{"line":31,"column":23}}},"fnMap":{"0":{"name":"Product","decl":{"start":{"line":8,"column":9},"end":{"line":8,"column":16}},"loc":{"start":{"line":8,"column":42},"end":{"line":29,"column":1}}}},"branchMap":{"0":{"loc":{"start":{"line":14,"column":19},"end":{"line":14,"column":98}},"type":"binary-expr","locations":[{"start":{"line":14,"column":19},"end":{"line":14,"column":24}},{"start":{"line":14,"column":28},"end":{"line":14,"column":38}},{"start":{"line":14,"column":42},"end":{"line":14,"column":66}},{"start":{"line":14,"column":70},"end":{"line":14,"column":98}}]},"1":{"loc":{"start":{"line":17,"column":38},"end":{"line":17,"column":83}},"type":"binary-expr","locations":[{"start":{"line":17,"column":38},"end":{"line":17,"column":46}},{"start":{"line":17,"column":50},"end":{"line":17,"column":83}}]}},"s":{"0":0,"1":0,"2":0,"3":0,"4":0,"5":0},"f":{"0":0},"b":{"0":[0,0,0,0],"1":[0,0]}}
,"D:\\rsschool\\BearVibe-Landing-Page\\brearvibe\\src\\Components\\Slider\\Slider.tsx": {"path":"D:\\rsschool\\BearVibe-Landing-Page\\brearvibe\\src\\Components\\Slider\\Slider.tsx","statementMap":{"0":{"start":{"line":1,"column":0},"end":{"line":1,"column":44}},"1":{"start":{"line":2,"column":0},"end":{"line":2,"column":41}},"2":{"start":{"line":4,"column":0},"end":{"line":4,"column":23}},"3":{"start":{"line":5,"column":0},"end":{"line":5,"column":40}},"4":{"start":{"line":6,"column":0},"end":{"line":6,"column":62}},"5":{"start":{"line":7,"column":0},"end":{"line":7,"column":38}},"6":{"start":{"line":10,"column":40},"end":{"line":10,"column":52}},"7":{"start":{"line":12,"column":2},"end":{"line":24,"column":9}},"8":{"start":{"line":13,"column":22},"end":{"line":21,"column":5}},"9":{"start":{"line":14,"column":6},"end":{"line":20,"column":7}},"10":{"start":{"line":16,"column":21},"end":{"line":16,"column":43}},"11":{"start":{"line":17,"column":8},"end":{"line":17,"column":29}},"12":{"start":{"line":19,"column":8},"end":{"line":19,"column":57}},"13":{"start":{"line":23,"column":4},"end":{"line":23,"column":16}},"14":{"start":{"line":26,"column":25},"end":{"line":26,"column":48}},"15":{"start":{"line":28,"column":2},"end":{"line":55,"column":4}},"16":{"start":{"line":46,"column":10},"end":{"line":46,"column":33}},"17":{"start":{"line":58,"column":0},"end":{"line":58,"column":22}}},"fnMap":{"0":{"name":"Slider","decl":{"start":{"line":9,"column":9},"end":{"line":9,"column":15}},"loc":{"start":{"line":9,"column":15},"end":{"line":56,"column":1}}},"1":{"name":"(anonymous_2)","decl":{"start":{"line":12,"column":12},"end":{"line":12,"column":15}},"loc":{"start":{"line":12,"column":17},"end":{"line":24,"column":3}}},"2":{"name":"(anonymous_3)","decl":{"start":{"line":13,"column":22},"end":{"line":13,"column":27}},"loc":{"start":{"line":13,"column":33},"end":{"line":21,"column":5}}},"3":{"name":"(anonymous_4)","decl":{"start":{"line":45,"column":28},"end":{"line":45,"column":29}},"loc":{"start":{"line":46,"column":10},"end":{"line":46,"column":33}}}},"branchMap":{},"s":{"0":0,"1":0,"2":0,"3":0,"4":0,"5":0,"6":0,"7":0,"8":0,"9":0,"10":0,"11":0,"12":0,"13":0,"14":0,"15":0,"16":0,"17":0},"f":{"0":0,"1":0,"2":0,"3":0},"b":{}}
,"D:\\rsschool\\BearVibe-Landing-Page\\brearvibe\\src\\Components\\Welcome\\Welcome.tsx": {"path":"D:\\rsschool\\BearVibe-Landing-Page\\brearvibe\\src\\Components\\Welcome\\Welcome.tsx","statementMap":{"0":{"start":{"line":1,"column":0},"end":{"line":1,"column":40}},"1":{"start":{"line":2,"column":0},"end":{"line":2,"column":24}},"2":{"start":{"line":5,"column":2},"end":{"line":16,"column":4}},"3":{"start":{"line":19,"column":0},"end":{"line":19,"column":23}}},"fnMap":{"0":{"name":"Welcome","decl":{"start":{"line":4,"column":9},"end":{"line":4,"column":16}},"loc":{"start":{"line":4,"column":16},"end":{"line":17,"column":1}}}},"branchMap":{},"s":{"0":0,"1":0,"2":0,"3":0},"f":{"0":0},"b":{}}
,"D:\\rsschool\\BearVibe-Landing-Page\\brearvibe\\src\\Helper\\Api\\Api.ts": {"path":"D:\\rsschool\\BearVibe-Landing-Page\\brearvibe\\src\\Helper\\Api\\Api.ts","statementMap":{"0":{"start":{"line":1,"column":0},"end":{"line":1,"column":73}},"1":{"start":{"line":3,"column":16},"end":{"line":3,"column":59}},"2":{"start":{"line":5,"column":13},"end":{"line":22,"column":3}},"3":{"start":{"line":8,"column":27},"end":{"line":21,"column":4}},"4":{"start":{"line":10,"column":19},"end":{"line":10,"column":38}},"5":{"start":{"line":13,"column":19},"end":{"line":13,"column":40}},"6":{"start":{"line":16,"column":19},"end":{"line":16,"column":41}},"7":{"start":{"line":19,"column":19},"end":{"line":19,"column":42}},"8":{"start":{"line":24,"column":15},"end":{"line":24,"column":103}}},"fnMap":{"0":{"name":"(anonymous_0)","decl":{"start":{"line":8,"column":13},"end":{"line":8,"column":14}},"loc":{"start":{"line":8,"column":27},"end":{"line":21,"column":4}}},"1":{"name":"(anonymous_1)","decl":{"start":{"line":10,"column":13},"end":{"line":10,"column":16}},"loc":{"start":{"line":10,"column":19},"end":{"line":10,"column":38}}},"2":{"name":"(anonymous_2)","decl":{"start":{"line":13,"column":13},"end":{"line":13,"column":16}},"loc":{"start":{"line":13,"column":19},"end":{"line":13,"column":40}}},"3":{"name":"(anonymous_3)","decl":{"start":{"line":16,"column":13},"end":{"line":16,"column":16}},"loc":{"start":{"line":16,"column":19},"end":{"line":16,"column":41}}},"4":{"name":"(anonymous_4)","decl":{"start":{"line":19,"column":13},"end":{"line":19,"column":16}},"loc":{"start":{"line":19,"column":19},"end":{"line":19,"column":42}}}},"branchMap":{},"s":{"0":8,"1":8,"2":8,"3":8,"4":3,"5":4,"6":2,"7":3,"8":8},"f":{"0":8,"1":3,"2":4,"3":2,"4":3},"b":{}}
,"D:\\rsschool\\BearVibe-Landing-Page\\brearvibe\\src\\Helper\\Api\\ApiProducts.ts": {"path":"D:\\rsschool\\BearVibe-Landing-Page\\brearvibe\\src\\Helper\\Api\\ApiProducts.ts","statementMap":{"0":{"start":{"line":3,"column":30},"end":{"line":21,"column":1}},"1":{"start":{"line":4,"column":2},"end":{"line":20,"column":3}},"2":{"start":{"line":5,"column":16},"end":{"line":5,"column":80}},"3":{"start":{"line":7,"column":4},"end":{"line":9,"column":5}},"4":{"start":{"line":8,"column":6},"end":{"line":8,"column":57}},"5":{"start":{"line":11,"column":21},"end":{"line":13,"column":6}},"6":{"start":{"line":15,"column":21},"end":{"line":15,"column":42}},"7":{"start":{"line":16,"column":4},"end":{"line":16,"column":16}},"8":{"start":{"line":18,"column":4},"end":{"line":18,"column":56}},"9":{"start":{"line":19,"column":4},"end":{"line":19,"column":16}},"10":{"start":{"line":3,"column":13},"end":{"line":3,"column":30}},"11":{"start":{"line":23,"column":32},"end":{"line":36,"column":1}},"12":{"start":{"line":24,"column":2},"end":{"line":35,"column":3}},"13":{"start":{"line":25,"column":16},"end":{"line":25,"column":71}},"14":{"start":{"line":26,"column":21},"end":{"line":28,"column":6}},"15":{"start":{"line":30,"column":21},"end":{"line":30,"column":42}},"16":{"start":{"line":31,"column":4},"end":{"line":31,"column":16}},"17":{"start":{"line":33,"column":4},"end":{"line":33,"column":58}},"18":{"start":{"line":34,"column":4},"end":{"line":34,"column":16}},"19":{"start":{"line":23,"column":13},"end":{"line":23,"column":32}}},"fnMap":{"0":{"name":"(anonymous_0)","decl":{"start":{"line":3,"column":30},"end":{"line":3,"column":35}},"loc":{"start":{"line":3,"column":59},"end":{"line":21,"column":1}}},"1":{"name":"(anonymous_1)","decl":{"start":{"line":23,"column":32},"end":{"line":23,"column":37}},"loc":{"start":{"line":23,"column":43},"end":{"line":36,"column":1}}}},"branchMap":{"0":{"loc":{"start":{"line":7,"column":4},"end":{"line":9,"column":5}},"type":"if","locations":[{"start":{"line":7,"column":4},"end":{"line":9,"column":5}}]}},"s":{"0":0,"1":0,"2":0,"3":0,"4":0,"5":0,"6":0,"7":0,"8":0,"9":0,"10":0,"11":0,"12":0,"13":0,"14":0,"15":0,"16":0,"17":0,"18":0,"19":0},"f":{"0":0,"1":0},"b":{"0":[0]}}
,"D:\\rsschool\\BearVibe-Landing-Page\\brearvibe\\src\\Helper\\Firebase\\Firebase.ts": {"path":"D:\\rsschool\\BearVibe-Landing-Page\\brearvibe\\src\\Helper\\Firebase\\Firebase.ts","statementMap":{"0":{"start":{"line":1,"column":0},"end":{"line":1,"column":45}},"1":{"start":{"line":2,"column":0},"end":{"line":2,"column":50}},"2":{"start":{"line":4,"column":23},"end":{"line":11,"column":2}},"3":{"start":{"line":13,"column":12},"end":{"line":13,"column":41}},"4":{"start":{"line":14,"column":11},"end":{"line":14,"column":28}},"5":{"start":{"line":16,"column":9},"end":{"line":16,"column":11}}},"fnMap":{},"branchMap":{},"s":{"0":1,"1":1,"2":1,"3":1,"4":1,"5":1},"f":{},"b":{}}
,"D:\\rsschool\\BearVibe-Landing-Page\\brearvibe\\src\\Helper\\Validation\\Validation.ts": {"path":"D:\\rsschool\\BearVibe-Landing-Page\\brearvibe\\src\\Helper\\Validation\\Validation.ts","statementMap":{"0":{"start":{"line":1,"column":0},"end":{"line":1,"column":27}},"1":{"start":{"line":3,"column":13},"end":{"line":11,"column":3}}},"fnMap":{},"branchMap":{},"s":{"0":1,"1":1},"f":{},"b":{}}
,"D:\\rsschool\\BearVibe-Landing-Page\\brearvibe\\src\\Pages\\Catering\\CateringPage.scss": {"path":"D:\\rsschool\\BearVibe-Landing-Page\\brearvibe\\src\\Pages\\Catering\\CateringPage.scss","statementMap":{"0":{"start":{"line":1,"column":0},"end":{"line":1,"column":833}}},"fnMap":{},"branchMap":{},"s":{"0":1},"f":{},"b":{},"_coverageSchema":"1a1c01bbd47fc00a2c39e90264f33305004495a9","hash":"2141990fc9cddb92cd544fb9c162f959048c33bb"}
,"D:\\rsschool\\BearVibe-Landing-Page\\brearvibe\\src\\Pages\\Catering\\CateringPage.tsx": {"path":"D:\\rsschool\\BearVibe-Landing-Page\\brearvibe\\src\\Pages\\Catering\\CateringPage.tsx","statementMap":{"0":{"start":{"line":1,"column":0},"end":{"line":1,"column":34}},"1":{"start":{"line":2,"column":0},"end":{"line":2,"column":43}},"2":{"start":{"line":4,"column":0},"end":{"line":4,"column":52}},"3":{"start":{"line":5,"column":0},"end":{"line":5,"column":40}},"4":{"start":{"line":6,"column":0},"end":{"line":6,"column":29}},"5":{"start":{"line":9,"column":37},"end":{"line":9,"column":64}},"6":{"start":{"line":10,"column":35},"end":{"line":10,"column":39}},"7":{"start":{"line":12,"column":2},"end":{"line":18,"column":20}},"8":{"start":{"line":13,"column":4},"end":{"line":17,"column":5}},"9":{"start":{"line":14,"column":6},"end":{"line":14,"column":13}},"10":{"start":{"line":15,"column":11},"end":{"line":17,"column":5}},"11":{"start":{"line":16,"column":6},"end":{"line":16,"column":38}},"12":{"start":{"line":20,"column":2},"end":{"line":22,"column":3}},"13":{"start":{"line":21,"column":4},"end":{"line":21,"column":22}},"14":{"start":{"line":24,"column":2},"end":{"line":41,"column":4}},"15":{"start":{"line":44,"column":0},"end":{"line":44,"column":28}}},"fnMap":{"0":{"name":"CateringPage","decl":{"start":{"line":8,"column":9},"end":{"line":8,"column":21}},"loc":{"start":{"line":8,"column":21},"end":{"line":42,"column":1}}},"1":{"name":"(anonymous_2)","decl":{"start":{"line":12,"column":12},"end":{"line":12,"column":15}},"loc":{"start":{"line":12,"column":17},"end":{"line":18,"column":3}}}},"branchMap":{"0":{"loc":{"start":{"line":13,"column":4},"end":{"line":17,"column":5}},"type":"if","locations":[{"start":{"line":13,"column":4},"end":{"line":17,"column":5}},{"start":{"line":15,"column":11},"end":{"line":17,"column":5}}]},"1":{"loc":{"start":{"line":15,"column":11},"end":{"line":17,"column":5}},"type":"if","locations":[{"start":{"line":15,"column":11},"end":{"line":17,"column":5}}]},"2":{"loc":{"start":{"line":20,"column":2},"end":{"line":22,"column":3}},"type":"if","locations":[{"start":{"line":20,"column":2},"end":{"line":22,"column":3}}]}},"s":{"0":1,"1":1,"2":1,"3":1,"4":1,"5":2,"6":2,"7":2,"8":1,"9":0,"10":1,"11":0,"12":2,"13":2,"14":0,"15":1},"f":{"0":2,"1":1},"b":{"0":[0,1],"1":[0],"2":[2]}}
,"D:\\rsschool\\BearVibe-Landing-Page\\brearvibe\\src\\Pages\\Contact\\ContactPage.scss": {"path":"D:\\rsschool\\BearVibe-Landing-Page\\brearvibe\\src\\Pages\\Contact\\ContactPage.scss","statementMap":{"0":{"start":{"line":1,"column":0},"end":{"line":1,"column":2925}}},"fnMap":{},"branchMap":{},"s":{"0":1},"f":{},"b":{},"_coverageSchema":"1a1c01bbd47fc00a2c39e90264f33305004495a9","hash":"f0c7fdd091b73250437cafc8009e1e4994587b91"}
,"D:\\rsschool\\BearVibe-Landing-Page\\brearvibe\\src\\Pages\\Contact\\ContactPage.tsx": {"path":"D:\\rsschool\\BearVibe-Landing-Page\\brearvibe\\src\\Pages\\Contact\\ContactPage.tsx","statementMap":{"0":{"start":{"line":1,"column":0},"end":{"line":1,"column":42}},"1":{"start":{"line":3,"column":0},"end":{"line":3,"column":55}},"2":{"start":{"line":4,"column":0},"end":{"line":4,"column":28}},"3":{"start":{"line":5,"column":0},"end":{"line":5,"column":54}},"4":{"start":{"line":6,"column":0},"end":{"line":6,"column":60}},"5":{"start":{"line":7,"column":0},"end":{"line":7,"column":52}},"6":{"start":{"line":8,"column":0},"end":{"line":8,"column":56}},"7":{"start":{"line":9,"column":0},"end":{"line":9,"column":55}},"8":{"start":{"line":11,"column":0},"end":{"line":11,"column":110}},"9":{"start":{"line":12,"column":0},"end":{"line":12,"column":52}},"10":{"start":{"line":15,"column":53},"end":{"line":15,"column":98}},"11":{"start":{"line":15,"column":87},"end":{"line":15,"column":97}},"12":{"start":{"line":16,"column":19},"end":{"line":16,"column":32}},"13":{"start":{"line":22,"column":6},"end":{"line":22,"column":60}},"14":{"start":{"line":24,"column":19},"end":{"line":41,"column":3}},"15":{"start":{"line":25,"column":4},"end":{"line":40,"column":5}},"16":{"start":{"line":26,"column":6},"end":{"line":26,"column":32}},"17":{"start":{"line":27,"column":6},"end":{"line":32,"column":9}},"18":{"start":{"line":33,"column":6},"end":{"line":33,"column":28}},"19":{"start":{"line":34,"column":6},"end":{"line":34,"column":46}},"20":{"start":{"line":36,"column":6},"end":{"line":36,"column":56}},"21":{"start":{"line":37,"column":6},"end":{"line":37,"column":40}},"22":{"start":{"line":39,"column":6},"end":{"line":39,"column":33}},"23":{"start":{"line":43,"column":2},"end":{"line":97,"column":4}},"24":{"start":{"line":53,"column":31},"end":{"line":53,"column":64}},"25":{"start":{"line":62,"column":31},"end":{"line":62,"column":65}},"26":{"start":{"line":71,"column":31},"end":{"line":71,"column":65}},"27":{"start":{"line":81,"column":31},"end":{"line":81,"column":67}},"28":{"start":{"line":100,"column":0},"end":{"line":100,"column":27}}},"fnMap":{"0":{"name":"ContactPage","decl":{"start":{"line":14,"column":9},"end":{"line":14,"column":20}},"loc":{"start":{"line":14,"column":20},"end":{"line":98,"column":1}}},"1":{"name":"(anonymous_2)","decl":{"start":{"line":15,"column":65},"end":{"line":15,"column":66}},"loc":{"start":{"line":15,"column":87},"end":{"line":15,"column":97}}},"2":{"name":"(anonymous_3)","decl":{"start":{"line":24,"column":19},"end":{"line":24,"column":24}},"loc":{"start":{"line":24,"column":30},"end":{"line":41,"column":3}}},"3":{"name":"(anonymous_4)","decl":{"start":{"line":53,"column":24},"end":{"line":53,"column":25}},"loc":{"start":{"line":53,"column":31},"end":{"line":53,"column":64}}},"4":{"name":"(anonymous_5)","decl":{"start":{"line":62,"column":24},"end":{"line":62,"column":25}},"loc":{"start":{"line":62,"column":31},"end":{"line":62,"column":65}}},"5":{"name":"(anonymous_6)","decl":{"start":{"line":71,"column":24},"end":{"line":71,"column":25}},"loc":{"start":{"line":71,"column":31},"end":{"line":71,"column":65}}},"6":{"name":"(anonymous_7)","decl":{"start":{"line":81,"column":24},"end":{"line":81,"column":25}},"loc":{"start":{"line":81,"column":31},"end":{"line":81,"column":67}}}},"branchMap":{"0":{"loc":{"start":{"line":56,"column":11},"end":{"line":56,"column":86}},"type":"cond-expr","locations":[{"start":{"line":56,"column":25},"end":{"line":56,"column":79}},{"start":{"line":56,"column":82},"end":{"line":56,"column":86}}]},"1":{"loc":{"start":{"line":65,"column":11},"end":{"line":65,"column":88}},"type":"cond-expr","locations":[{"start":{"line":65,"column":26},"end":{"line":65,"column":81}},{"start":{"line":65,"column":84},"end":{"line":65,"column":88}}]},"2":{"loc":{"start":{"line":74,"column":11},"end":{"line":74,"column":88}},"type":"cond-expr","locations":[{"start":{"line":74,"column":26},"end":{"line":74,"column":81}},{"start":{"line":74,"column":84},"end":{"line":74,"column":88}}]},"3":{"loc":{"start":{"line":84,"column":11},"end":{"line":84,"column":92}},"type":"cond-expr","locations":[{"start":{"line":84,"column":28},"end":{"line":84,"column":85}},{"start":{"line":84,"column":88},"end":{"line":84,"column":92}}]},"4":{"loc":{"start":{"line":90,"column":11},"end":{"line":90,"column":34}},"type":"binary-expr","locations":[{"start":{"line":90,"column":11},"end":{"line":90,"column":20}},{"start":{"line":90,"column":24},"end":{"line":90,"column":34}}]}},"s":{"0":1,"1":1,"2":1,"3":1,"4":1,"5":1,"6":1,"7":1,"8":1,"9":1,"10":1,"11":3,"12":1,"13":1,"14":1,"15":0,"16":0,"17":0,"18":0,"19":0,"20":0,"21":0,"22":0,"23":1,"24":0,"25":0,"26":0,"27":0,"28":1},"f":{"0":1,"1":3,"2":0,"3":0,"4":0,"5":0,"6":0},"b":{"0":[0,1],"1":[0,1],"2":[0,1],"3":[0,1],"4":[1,0]}}
,"D:\\rsschool\\BearVibe-Landing-Page\\brearvibe\\src\\Pages\\Coworking\\CoworkingPage.scss": {"path":"D:\\rsschool\\BearVibe-Landing-Page\\brearvibe\\src\\Pages\\Coworking\\CoworkingPage.scss","statementMap":{"0":{"start":{"line":1,"column":0},"end":{"line":1,"column":1031}}},"fnMap":{},"branchMap":{},"s":{"0":1},"f":{},"b":{},"_coverageSchema":"1a1c01bbd47fc00a2c39e90264f33305004495a9","hash":"0711f33ee55deb8cd26f861532a03d33d56e7812"}
,"D:\\rsschool\\BearVibe-Landing-Page\\brearvibe\\src\\Pages\\Coworking\\CoworkingPage.tsx": {"path":"D:\\rsschool\\BearVibe-Landing-Page\\brearvibe\\src\\Pages\\Coworking\\CoworkingPage.tsx","statementMap":{"0":{"start":{"line":1,"column":0},"end":{"line":1,"column":34}},"1":{"start":{"line":2,"column":0},"end":{"line":2,"column":43}},"2":{"start":{"line":4,"column":0},"end":{"line":4,"column":52}},"3":{"start":{"line":5,"column":0},"end":{"line":5,"column":30}},"4":{"start":{"line":7,"column":37},"end":{"line":7,"column":65}},"5":{"start":{"line":8,"column":36},"end":{"line":8,"column":40}},"6":{"start":{"line":10,"column":2},"end":{"line":16,"column":20}},"7":{"start":{"line":11,"column":4},"end":{"line":15,"column":5}},"8":{"start":{"line":12,"column":6},"end":{"line":12,"column":13}},"9":{"start":{"line":13,"column":11},"end":{"line":15,"column":5}},"10":{"start":{"line":14,"column":6},"end":{"line":14,"column":38}},"11":{"start":{"line":18,"column":2},"end":{"line":20,"column":3}},"12":{"start":{"line":19,"column":4},"end":{"line":19,"column":22}},"13":{"start":{"line":21,"column":2},"end":{"line":33,"column":4}},"14":{"start":{"line":36,"column":0},"end":{"line":36,"column":29}}},"fnMap":{"0":{"name":"CoworkingPage","decl":{"start":{"line":6,"column":9},"end":{"line":6,"column":22}},"loc":{"start":{"line":6,"column":22},"end":{"line":34,"column":1}}},"1":{"name":"(anonymous_2)","decl":{"start":{"line":10,"column":12},"end":{"line":10,"column":15}},"loc":{"start":{"line":10,"column":17},"end":{"line":16,"column":3}}}},"branchMap":{"0":{"loc":{"start":{"line":11,"column":4},"end":{"line":15,"column":5}},"type":"if","locations":[{"start":{"line":11,"column":4},"end":{"line":15,"column":5}},{"start":{"line":13,"column":11},"end":{"line":15,"column":5}}]},"1":{"loc":{"start":{"line":13,"column":11},"end":{"line":15,"column":5}},"type":"if","locations":[{"start":{"line":13,"column":11},"end":{"line":15,"column":5}}]},"2":{"loc":{"start":{"line":18,"column":2},"end":{"line":20,"column":3}},"type":"if","locations":[{"start":{"line":18,"column":2},"end":{"line":20,"column":3}}]}},"s":{"0":1,"1":1,"2":1,"3":1,"4":2,"5":2,"6":2,"7":1,"8":0,"9":1,"10":0,"11":2,"12":2,"13":0,"14":1},"f":{"0":2,"1":1},"b":{"0":[0,1],"1":[0],"2":[2]}}
,"D:\\rsschool\\BearVibe-Landing-Page\\brearvibe\\src\\Pages\\Home\\Home.tsx": {"path":"D:\\rsschool\\BearVibe-Landing-Page\\brearvibe\\src\\Pages\\Home\\Home.tsx","statementMap":{"0":{"start":{"line":1,"column":0},"end":{"line":1,"column":49}},"1":{"start":{"line":2,"column":0},"end":{"line":2,"column":55}},"2":{"start":{"line":3,"column":0},"end":{"line":3,"column":52}},"3":{"start":{"line":4,"column":0},"end":{"line":4,"column":55}},"4":{"start":{"line":7,"column":2},"end":{"line":14,"column":4}},"5":{"start":{"line":17,"column":0},"end":{"line":17,"column":20}}},"fnMap":{"0":{"name":"Home","decl":{"start":{"line":6,"column":9},"end":{"line":6,"column":13}},"loc":{"start":{"line":6,"column":13},"end":{"line":15,"column":1}}}},"branchMap":{},"s":{"0":0,"1":0,"2":0,"3":0,"4":0,"5":0},"f":{"0":0},"b":{}}
,"D:\\rsschool\\BearVibe-Landing-Page\\brearvibe\\src\\Pages\\Menu\\Menu.tsx": {"path":"D:\\rsschool\\BearVibe-Landing-Page\\brearvibe\\src\\Pages\\Menu\\Menu.tsx","statementMap":{"0":{"start":{"line":1,"column":0},"end":{"line":1,"column":33}},"1":{"start":{"line":2,"column":0},"end":{"line":2,"column":79}},"2":{"start":{"line":3,"column":0},"end":{"line":3,"column":64}},"3":{"start":{"line":6,"column":23},"end":{"line":6,"column":35}},"4":{"start":{"line":7,"column":50},"end":{"line":7,"column":62}},"5":{"start":{"line":9,"column":30},"end":{"line":11,"column":3}},"6":{"start":{"line":10,"column":4},"end":{"line":10,"column":34}},"7":{"start":{"line":13,"column":2},"end":{"line":18,"column":4}},"8":{"start":{"line":21,"column":0},"end":{"line":21,"column":20}}},"fnMap":{"0":{"name":"Menu","decl":{"start":{"line":5,"column":9},"end":{"line":5,"column":13}},"loc":{"start":{"line":5,"column":13},"end":{"line":19,"column":1}}},"1":{"name":"(anonymous_2)","decl":{"start":{"line":9,"column":30},"end":{"line":9,"column":35}},"loc":{"start":{"line":9,"column":57},"end":{"line":11,"column":3}}}},"branchMap":{},"s":{"0":0,"1":0,"2":0,"3":0,"4":0,"5":0,"6":0,"7":0,"8":0},"f":{"0":0,"1":0},"b":{}}
,"D:\\rsschool\\BearVibe-Landing-Page\\brearvibe\\src\\assets\\logo.svg": {"path":"D:\\rsschool\\BearVibe-Landing-Page\\brearvibe\\src\\assets\\logo.svg","statementMap":{"0":{"start":{"line":1,"column":0},"end":{"line":1,"column":26}}},"fnMap":{},"branchMap":{},"s":{"0":2},"f":{},"b":{},"_coverageSchema":"1a1c01bbd47fc00a2c39e90264f33305004495a9","hash":"fc7f1097195ffe5ea92f0d7b682302553e1d1c51"}
,"D:\\rsschool\\BearVibe-Landing-Page\\brearvibe\\src\\assets\\mail.svg": {"path":"D:\\rsschool\\BearVibe-Landing-Page\\brearvibe\\src\\assets\\mail.svg","statementMap":{"0":{"start":{"line":1,"column":0},"end":{"line":1,"column":28}}},"fnMap":{},"branchMap":{},"s":{"0":2},"f":{},"b":{},"_coverageSchema":"1a1c01bbd47fc00a2c39e90264f33305004495a9","hash":"829236d4c3bdc7c51c53cd17962eb7d96a334a01"}
,"D:\\rsschool\\BearVibe-Landing-Page\\brearvibe\\src\\assets\\phone.svg": {"path":"D:\\rsschool\\BearVibe-Landing-Page\\brearvibe\\src\\assets\\phone.svg","statementMap":{"0":{"start":{"line":1,"column":0},"end":{"line":1,"column":28}}},"fnMap":{},"branchMap":{},"s":{"0":2},"f":{},"b":{},"_coverageSchema":"1a1c01bbd47fc00a2c39e90264f33305004495a9","hash":"e95cf5a4749b621a49a56e65f7c7a320ddeecd43"}
,"D:\\rsschool\\BearVibe-Landing-Page\\brearvibe\\src\\assets\\pin.svg": {"path":"D:\\rsschool\\BearVibe-Landing-Page\\brearvibe\\src\\assets\\pin.svg","statementMap":{"0":{"start":{"line":1,"column":0},"end":{"line":1,"column":28}}},"fnMap":{},"branchMap":{},"s":{"0":2},"f":{},"b":{},"_coverageSchema":"1a1c01bbd47fc00a2c39e90264f33305004495a9","hash":"072035e32900be9f46372e2ae4a1761ca7d43082"}
,"D:\\rsschool\\BearVibe-Landing-Page\\brearvibe\\src\\store\\store.ts": {"path":"D:\\rsschool\\BearVibe-Landing-Page\\brearvibe\\src\\store\\store.ts","statementMap":{"0":{"start":{"line":1,"column":0},"end":{"line":1,"column":67}},"1":{"start":{"line":2,"column":0},"end":{"line":2,"column":40}},"2":{"start":{"line":3,"column":0},"end":{"line":3,"column":54}},"3":{"start":{"line":4,"column":0},"end":{"line":4,"column":58}},"4":{"start":{"line":5,"column":0},"end":{"line":5,"column":46}},"5":{"start":{"line":7,"column":13},"end":{"line":12,"column":3}},"6":{"start":{"line":14,"column":13},"end":{"line":17,"column":3}},"7":{"start":{"line":16,"column":40},"end":{"line":16,"column":85}}},"fnMap":{"0":{"name":"(anonymous_1)","decl":{"start":{"line":16,"column":14},"end":{"line":16,"column":15}},"loc":{"start":{"line":16,"column":40},"end":{"line":16,"column":85}}}},"branchMap":{},"s":{"0":8,"1":8,"2":8,"3":8,"4":8,"5":8,"6":8,"7":8},"f":{"0":8},"b":{}}
,"D:\\rsschool\\BearVibe-Landing-Page\\brearvibe\\src\\store\\slices\\Categories.slice.ts": {"path":"D:\\rsschool\\BearVibe-Landing-Page\\brearvibe\\src\\store\\slices\\Categories.slice.ts","statementMap":{"0":{"start":{"line":1,"column":0},"end":{"line":1,"column":62}},"1":{"start":{"line":9,"column":38},"end":{"line":12,"column":2}},"2":{"start":{"line":14,"column":13},"end":{"line":25,"column":3}},"3":{"start":{"line":19,"column":6},"end":{"line":19,"column":43}},"4":{"start":{"line":22,"column":6},"end":{"line":22,"column":46}},"5":{"start":{"line":27,"column":13},"end":{"line":27,"column":54}},"6":{"start":{"line":28,"column":35},"end":{"line":28,"column":87}},"7":{"start":{"line":28,"column":57},"end":{"line":28,"column":87}},"8":{"start":{"line":28,"column":13},"end":{"line":28,"column":35}},"9":{"start":{"line":29,"column":38},"end":{"line":29,"column":93}},"10":{"start":{"line":29,"column":60},"end":{"line":29,"column":93}},"11":{"start":{"line":29,"column":13},"end":{"line":29,"column":38}},"12":{"start":{"line":31,"column":0},"end":{"line":31,"column":39}}},"fnMap":{"0":{"name":"(anonymous_0)","decl":{"start":{"line":18,"column":19},"end":{"line":18,"column":20}},"loc":{"start":{"line":18,"column":62},"end":{"line":20,"column":5}}},"1":{"name":"(anonymous_1)","decl":{"start":{"line":21,"column":25},"end":{"line":21,"column":26}},"loc":{"start":{"line":21,"column":66},"end":{"line":23,"column":5}}},"2":{"name":"(anonymous_2)","decl":{"start":{"line":28,"column":35},"end":{"line":28,"column":36}},"loc":{"start":{"line":28,"column":57},"end":{"line":28,"column":87}}},"3":{"name":"(anonymous_3)","decl":{"start":{"line":29,"column":38},"end":{"line":29,"column":39}},"loc":{"start":{"line":29,"column":60},"end":{"line":29,"column":93}}}},"branchMap":{},"s":{"0":8,"1":8,"2":8,"3":0,"4":0,"5":8,"6":8,"7":0,"8":8,"9":8,"10":0,"11":8,"12":8},"f":{"0":0,"1":0,"2":0,"3":0},"b":{}}
,"D:\\rsschool\\BearVibe-Landing-Page\\brearvibe\\src\\store\\slices\\Form.slice.ts": {"path":"D:\\rsschool\\BearVibe-Landing-Page\\brearvibe\\src\\store\\slices\\Form.slice.ts","statementMap":{"0":{"start":{"line":1,"column":0},"end":{"line":1,"column":62}},"1":{"start":{"line":4,"column":13},"end":{"line":36,"column":3}},"2":{"start":{"line":15,"column":6},"end":{"line":15,"column":34}},"3":{"start":{"line":18,"column":6},"end":{"line":18,"column":35}},"4":{"start":{"line":21,"column":6},"end":{"line":21,"column":35}},"5":{"start":{"line":24,"column":6},"end":{"line":24,"column":37}},"6":{"start":{"line":27,"column":6},"end":{"line":27,"column":22}},"7":{"start":{"line":28,"column":6},"end":{"line":28,"column":23}},"8":{"start":{"line":29,"column":6},"end":{"line":29,"column":23}},"9":{"start":{"line":30,"column":6},"end":{"line":30,"column":25}},"10":{"start":{"line":33,"column":6},"end":{"line":33,"column":39}},"11":{"start":{"line":38,"column":13},"end":{"line":38,"column":81}},"12":{"start":{"line":40,"column":26},"end":{"line":40,"column":58}},"13":{"start":{"line":40,"column":48},"end":{"line":40,"column":58}},"14":{"start":{"line":40,"column":13},"end":{"line":40,"column":26}},"15":{"start":{"line":42,"column":0},"end":{"line":42,"column":33}}},"fnMap":{"0":{"name":"(anonymous_0)","decl":{"start":{"line":14,"column":13},"end":{"line":14,"column":14}},"loc":{"start":{"line":14,"column":54},"end":{"line":16,"column":5}}},"1":{"name":"(anonymous_1)","decl":{"start":{"line":17,"column":14},"end":{"line":17,"column":15}},"loc":{"start":{"line":17,"column":55},"end":{"line":19,"column":5}}},"2":{"name":"(anonymous_2)","decl":{"start":{"line":20,"column":14},"end":{"line":20,"column":15}},"loc":{"start":{"line":20,"column":55},"end":{"line":22,"column":5}}},"3":{"name":"(anonymous_3)","decl":{"start":{"line":23,"column":16},"end":{"line":23,"column":17}},"loc":{"start":{"line":23,"column":57},"end":{"line":25,"column":5}}},"4":{"name":"(anonymous_4)","decl":{"start":{"line":26,"column":15},"end":{"line":26,"column":16}},"loc":{"start":{"line":26,"column":25},"end":{"line":31,"column":5}}},"5":{"name":"(anonymous_5)","decl":{"start":{"line":32,"column":15},"end":{"line":32,"column":16}},"loc":{"start":{"line":32,"column":57},"end":{"line":34,"column":5}}},"6":{"name":"(anonymous_6)","decl":{"start":{"line":40,"column":26},"end":{"line":40,"column":27}},"loc":{"start":{"line":40,"column":48},"end":{"line":40,"column":58}}}},"branchMap":{},"s":{"0":8,"1":8,"2":0,"3":0,"4":0,"5":0,"6":0,"7":0,"8":0,"9":0,"10":0,"11":8,"12":8,"13":0,"14":8,"15":8},"f":{"0":0,"1":0,"2":0,"3":0,"4":0,"5":0,"6":0},"b":{}}
,"D:\\rsschool\\BearVibe-Landing-Page\\brearvibe\\src\\store\\slices\\Products.slice.ts": {"path":"D:\\rsschool\\BearVibe-Landing-Page\\brearvibe\\src\\store\\slices\\Products.slice.ts","statementMap":{"0":{"start":{"line":1,"column":0},"end":{"line":1,"column":47}},"1":{"start":{"line":4,"column":13},"end":{"line":13,"column":3}},"2":{"start":{"line":10,"column":6},"end":{"line":10,"column":28}},"3":{"start":{"line":15,"column":15},"end":{"line":15,"column":53}},"4":{"start":{"line":17,"column":33},"end":{"line":17,"column":69}},"5":{"start":{"line":17,"column":55},"end":{"line":17,"column":69}},"6":{"start":{"line":17,"column":13},"end":{"line":17,"column":33}},"7":{"start":{"line":19,"column":0},"end":{"line":19,"column":37}}},"fnMap":{"0":{"name":"(anonymous_0)","decl":{"start":{"line":9,"column":17},"end":{"line":9,"column":18}},"loc":{"start":{"line":9,"column":35},"end":{"line":11,"column":5}}},"1":{"name":"(anonymous_1)","decl":{"start":{"line":17,"column":33},"end":{"line":17,"column":34}},"loc":{"start":{"line":17,"column":55},"end":{"line":17,"column":69}}}},"branchMap":{},"s":{"0":8,"1":8,"2":0,"3":8,"4":8,"5":0,"6":8,"7":8},"f":{"0":0,"1":0},"b":{}}
}
