{"D:\\rsschool\\cross\\BearVibe-Landing-Page\\brearvibe\\src\\App.tsx": {"path":"D:\\rsschool\\cross\\BearVibe-Landing-Page\\brearvibe\\src\\App.tsx","statementMap":{"0":{"start":{"line":2,"column":2},"end":{"line":6,"column":4}},"1":{"start":{"line":9,"column":0},"end":{"line":9,"column":19}}},"fnMap":{"0":{"name":"App","decl":{"start":{"line":1,"column":9},"end":{"line":1,"column":12}},"loc":{"start":{"line":1,"column":12},"end":{"line":7,"column":1}}}},"branchMap":{},"s":{"0":1,"1":1},"f":{"0":1},"b":{}}
,"D:\\rsschool\\cross\\BearVibe-Landing-Page\\brearvibe\\src\\main.tsx": {"path":"D:\\rsschool\\cross\\BearVibe-Landing-Page\\brearvibe\\src\\main.tsx","statementMap":{"0":{"start":{"line":1,"column":0},"end":{"line":1,"column":26}},"1":{"start":{"line":2,"column":0},"end":{"line":2,"column":40}},"2":{"start":{"line":3,"column":0},"end":{"line":3,"column":28}},"3":{"start":{"line":4,"column":0},"end":{"line":4,"column":21}},"4":{"start":{"line":6,"column":0},"end":{"line":10,"column":2}}},"fnMap":{},"branchMap":{},"s":{"0":0,"1":0,"2":0,"3":0,"4":0},"f":{},"b":{}}
,"D:\\rsschool\\cross\\BearVibe-Landing-Page\\brearvibe\\src\\vite-env.d.ts": {"path":"D:\\rsschool\\cross\\BearVibe-Landing-Page\\brearvibe\\src\\vite-env.d.ts","statementMap":{},"fnMap":{},"branchMap":{},"s":{},"f":{},"b":{}}
}
