TN:
SF:src\App.scss
FNF:0
FNH:0
DA:1,1
LF:1
LH:1
BRF:0
BRH:0
end_of_record
TN:
SF:src\App.tsx
FN:14,App
FNF:1
FNH:1
FNDA:2,App
DA:1,1
DA:2,1
DA:3,1
DA:4,1
DA:5,1
DA:6,1
DA:7,1
DA:8,1
DA:9,1
DA:10,1
DA:11,1
DA:12,1
DA:15,2
DA:35,1
LF:14
LH:14
BRF:0
BRH:0
end_of_record
TN:
SF:src\Components\404\ErrorPage.scss
FNF:0
FNH:0
DA:1,2
LF:1
LH:1
BRF:0
BRH:0
end_of_record
TN:
SF:src\Components\404\ErrorPage.tsx
FN:4,ErrorPage
FNF:1
FNH:1
FNDA:1,ErrorPage
DA:1,2
DA:2,2
DA:5,1
DA:19,2
LF:4
LH:4
BRF:0
BRH:0
end_of_record
TN:
SF:src\Components\About\About.scss
FNF:0
FNH:0
DA:1,2
LF:1
LH:1
BRF:0
BRH:0
end_of_record
TN:
SF:src\Components\About\About.tsx
FN:8,About
FN:12,(anonymous_2)
FNF:2
FNH:2
FNDA:4,About
FNDA:2,(anonymous_2)
DA:1,2
DA:2,2
DA:4,2
DA:5,2
DA:6,2
DA:9,4
DA:10,4
DA:12,4
DA:13,2
DA:14,0
DA:15,2
DA:16,0
DA:20,4
DA:21,4
DA:24,0
DA:46,2
LF:16
LH:13
BRDA:13,0,0,0
BRDA:13,0,1,2
BRDA:15,1,0,0
BRDA:20,2,0,4
BRF:4
BRH:2
end_of_record
TN:
SF:src\Components\CatalogProducts\CatalogProducts.scss
FNF:0
FNH:0
DA:1,2
LF:1
LH:1
BRF:0
BRH:0
end_of_record
TN:
SF:src\Components\CatalogProducts\CatalogProducts.tsx
FN:13,CatalogProducts
FN:17,(anonymous_2)
FN:18,(anonymous_3)
FN:38,(anonymous_4)
FNF:4
FNH:4
FNDA:2,CatalogProducts
FNDA:1,(anonymous_2)
FNDA:1,(anonymous_3)
FNDA:2,(anonymous_4)
DA:1,2
DA:2,2
DA:4,2
DA:5,2
DA:6,2
DA:7,2
DA:14,2
DA:15,2
DA:17,2
DA:18,1
DA:19,1
DA:21,1
DA:22,1
DA:25,0
DA:27,1
DA:29,0
DA:33,1
DA:36,2
DA:39,2
DA:45,2
LF:20
LH:18
BRDA:21,0,0,1
BRDA:21,0,1,0
BRDA:21,1,0,1
BRDA:21,1,1,1
BRF:4
BRH:3
end_of_record
TN:
SF:src\Components\Categories\Categoies.scss
FNF:0
FNH:0
DA:1,2
LF:1
LH:1
BRF:0
BRH:0
end_of_record
TN:
SF:src\Components\Categories\Categories.tsx
FN:14,Categories
FN:19,(anonymous_1)
FN:20,(anonymous_2)
FN:32,(anonymous_3)
FN:39,(anonymous_4)
FN:43,(anonymous_5)
FNF:6
FNH:4
FNDA:2,Categories
FNDA:1,(anonymous_1)
FNDA:1,(anonymous_2)
FNDA:0,(anonymous_3)
FNDA:2,(anonymous_4)
FNDA:0,(anonymous_5)
DA:2,2
DA:4,2
DA:5,2
DA:6,2
DA:7,2
DA:15,2
DA:16,2
DA:17,2
DA:19,2
DA:20,1
DA:21,1
DA:22,1
DA:23,1
DA:25,0
DA:29,1
DA:32,2
DA:33,0
DA:34,0
DA:37,2
DA:40,2
DA:43,0
DA:52,2
LF:22
LH:18
BRDA:41,0,0,0
BRDA:41,0,1,2
BRF:2
BRH:1
end_of_record
TN:
SF:src\Components\Contact\Contact.scss
FNF:0
FNH:0
DA:1,3
LF:1
LH:1
BRF:0
BRH:0
end_of_record
TN:
SF:src\Components\Contact\Contact.tsx
FN:10,Contact
FN:14,(anonymous_2)
FNF:2
FNH:2
FNDA:6,Contact
FNDA:3,(anonymous_2)
DA:1,3
DA:2,3
DA:4,3
DA:5,3
DA:6,3
DA:7,3
DA:8,3
DA:9,3
DA:11,6
DA:12,6
DA:14,6
DA:15,3
DA:16,3
DA:20,6
DA:21,6
DA:24,0
DA:63,3
LF:17
LH:16
BRDA:15,0,0,0
BRDA:15,0,1,3
BRDA:16,1,0,0
BRDA:20,2,0,6
BRF:4
BRH:2
end_of_record
TN:
SF:src\Components\Footer\Footer.scss
FNF:0
FNH:0
DA:1,2
LF:1
LH:1
BRF:0
BRH:0
end_of_record
TN:
SF:src\Components\Footer\Footer.tsx
FN:5,Footer
FNF:1
FNH:1
FNDA:2,Footer
DA:1,2
DA:2,2
DA:3,2
DA:6,2
DA:17,2
LF:5
LH:5
BRF:0
BRH:0
end_of_record
TN:
SF:src\Components\Header\Header.scss
FNF:0
FNH:0
DA:1,2
LF:1
LH:1
BRF:0
BRH:0
end_of_record
TN:
SF:src\Components\Header\Header.tsx
FN:8,Header
FN:12,(anonymous_2)
FN:21,(anonymous_3)
FN:26,(anonymous_4)
FN:35,(anonymous_5)
FN:37,(anonymous_6)
FNF:6
FNH:4
FNDA:4,Header
FNDA:2,(anonymous_2)
FNDA:0,(anonymous_3)
FNDA:0,(anonymous_4)
FNDA:2,(anonymous_5)
FNDA:2,(anonymous_6)
DA:1,2
DA:2,2
DA:3,2
DA:4,2
DA:5,2
DA:6,2
DA:9,4
DA:10,4
DA:12,4
DA:13,2
DA:14,2
DA:15,1
DA:17,1
DA:21,4
DA:22,0
DA:23,0
DA:26,4
DA:27,0
DA:28,0
DA:29,0
DA:31,0
DA:35,4
DA:36,2
DA:37,2
DA:38,2
DA:42,4
DA:81,2
LF:27
LH:21
BRDA:14,0,0,1
BRDA:14,0,1,1
BRDA:28,1,0,0
BRDA:28,1,1,0
BRDA:43,2,0,0
BRDA:43,2,1,4
BRDA:46,3,0,1
BRDA:46,3,1,3
BRDA:49,4,0,1
BRDA:49,4,1,3
BRF:10
BRH:7
end_of_record
TN:
SF:src\Components\Loader\Loader.scss
FNF:0
FNH:0
DA:1,6
LF:1
LH:1
BRF:0
BRH:0
end_of_record
TN:
SF:src\Components\Loader\Loader.tsx
FN:3,Loader
FNF:1
FNH:1
FNDA:14,Loader
DA:1,6
DA:4,14
DA:7,6
LF:3
LH:3
BRF:0
BRH:0
end_of_record
TN:
SF:src\Components\Logo\Logo.tsx
FN:5,Logo
FNF:1
FNH:1
FNDA:6,Logo
DA:2,3
DA:3,3
DA:6,6
DA:17,3
LF:4
LH:4
BRF:0
BRH:0
end_of_record
TN:
SF:src\Components\Product\Product.scss
FNF:0
FNH:0
DA:1,2
LF:1
LH:1
BRF:0
BRH:0
end_of_record
TN:
SF:src\Components\Product\Product.tsx
FN:8,Product
FNF:1
FNH:1
FNDA:2,Product
DA:2,2
DA:9,2
DA:13,2
DA:14,2
DA:15,2
DA:31,2
LF:6
LH:6
BRDA:14,0,0,2
BRDA:14,0,1,2
BRDA:14,0,2,2
BRDA:14,0,3,2
BRDA:17,1,0,2
BRDA:17,1,1,2
BRF:6
BRH:6
end_of_record
TN:
SF:src\Components\Slider\Slider.scss
FNF:0
FNH:0
DA:1,1
LF:1
LH:1
BRF:0
BRH:0
end_of_record
TN:
SF:src\Components\Slider\Slider.tsx
FN:9,Slider
FN:12,(anonymous_2)
FN:13,(anonymous_3)
FN:45,(anonymous_4)
FNF:4
FNH:3
FNDA:2,Slider
FNDA:1,(anonymous_2)
FNDA:1,(anonymous_3)
FNDA:0,(anonymous_4)
DA:1,1
DA:2,1
DA:4,1
DA:5,1
DA:6,1
DA:7,1
DA:10,2
DA:12,1
DA:13,1
DA:14,1
DA:16,1
DA:17,1
DA:19,0
DA:23,1
DA:26,1
DA:28,1
DA:46,0
DA:58,1
LF:18
LH:16
BRF:0
BRH:0
end_of_record
TN:
SF:src\Components\Welcome\Welcome.scss
FNF:0
FNH:0
DA:1,2
LF:1
LH:1
BRF:0
BRH:0
end_of_record
TN:
SF:src\Components\Welcome\Welcome.tsx
FN:4,Welcome
FNF:1
FNH:1
FNDA:2,Welcome
DA:1,2
DA:2,2
DA:5,2
DA:19,2
LF:4
LH:4
BRF:0
BRH:0
end_of_record
TN:
SF:src\Helper\Api\Api.ts
FN:8,(anonymous_0)
FN:10,(anonymous_1)
FN:13,(anonymous_2)
FN:16,(anonymous_3)
FN:19,(anonymous_4)
FNF:5
FNH:5
FNDA:13,(anonymous_0)
FNDA:4,(anonymous_1)
FNDA:5,(anonymous_2)
FNDA:2,(anonymous_3)
FNDA:3,(anonymous_4)
DA:1,13
DA:3,13
DA:5,13
DA:8,13
DA:10,4
DA:13,5
DA:16,2
DA:19,3
DA:24,13
LF:9
LH:9
BRF:0
BRH:0
end_of_record
TN:
SF:src\Helper\Api\ApiProducts.ts
FN:3,(anonymous_0)
FN:22,(anonymous_1)
FNF:2
FNH:2
FNDA:1,(anonymous_0)
FNDA:1,(anonymous_1)
DA:3,2
DA:4,1
DA:5,1
DA:7,1
DA:8,0
DA:11,1
DA:15,1
DA:16,0
DA:18,1
DA:22,2
DA:23,1
DA:24,1
DA:25,1
DA:29,1
DA:30,1
DA:32,0
LF:16
LH:13
BRDA:7,0,0,0
BRF:1
BRH:0
end_of_record
TN:
SF:src\Helper\Firebase\Firebase.ts
FNF:0
FNH:0
DA:1,2
DA:2,2
DA:4,2
DA:13,2
DA:14,2
DA:16,2
LF:6
LH:6
BRF:0
BRH:0
end_of_record
TN:
SF:src\Helper\Validation\Validation.ts
FNF:0
FNH:0
DA:1,2
DA:3,2
LF:2
LH:2
BRF:0
BRH:0
end_of_record
TN:
SF:src\Pages\Catering\CateringPage.scss
FNF:0
FNH:0
DA:1,2
LF:1
LH:1
BRF:0
BRH:0
end_of_record
TN:
SF:src\Pages\Catering\CateringPage.tsx
FN:8,CateringPage
FN:12,(anonymous_2)
FNF:2
FNH:2
FNDA:2,CateringPage
FNDA:1,(anonymous_2)
DA:1,2
DA:2,2
DA:4,2
DA:5,2
DA:6,2
DA:9,2
DA:10,2
DA:12,2
DA:13,1
DA:14,0
DA:15,1
DA:16,0
DA:20,2
DA:21,2
DA:24,0
DA:44,2
LF:16
LH:13
BRDA:13,0,0,0
BRDA:13,0,1,1
BRDA:15,1,0,0
BRDA:20,2,0,2
BRF:4
BRH:2
end_of_record
TN:
SF:src\Pages\Contact\ContactPage.scss
FNF:0
FNH:0
DA:1,2
LF:1
LH:1
BRF:0
BRH:0
end_of_record
TN:
SF:src\Pages\Contact\ContactPage.tsx
FN:14,ContactPage
FN:15,(anonymous_2)
FN:24,(anonymous_3)
FN:53,(anonymous_4)
FN:62,(anonymous_5)
FN:71,(anonymous_6)
FN:81,(anonymous_7)
FNF:7
FNH:2
FNDA:1,ContactPage
FNDA:3,(anonymous_2)
FNDA:0,(anonymous_3)
FNDA:0,(anonymous_4)
FNDA:0,(anonymous_5)
FNDA:0,(anonymous_6)
FNDA:0,(anonymous_7)
DA:1,2
DA:3,2
DA:4,2
DA:5,2
DA:6,2
DA:7,2
DA:8,2
DA:9,2
DA:11,2
DA:12,2
DA:15,3
DA:16,1
DA:22,1
DA:24,1
DA:25,0
DA:26,0
DA:27,0
DA:33,0
DA:34,0
DA:36,0
DA:37,0
DA:39,0
DA:43,1
DA:53,0
DA:62,0
DA:71,0
DA:81,0
DA:100,2
LF:28
LH:16
BRDA:56,0,0,0
BRDA:56,0,1,1
BRDA:65,1,0,0
BRDA:65,1,1,1
BRDA:74,2,0,0
BRDA:74,2,1,1
BRDA:84,3,0,0
BRDA:84,3,1,1
BRDA:90,4,0,1
BRDA:90,4,1,0
BRF:10
BRH:5
end_of_record
TN:
SF:src\Pages\Coworking\CoworkingPage.scss
FNF:0
FNH:0
DA:1,2
LF:1
LH:1
BRF:0
BRH:0
end_of_record
TN:
SF:src\Pages\Coworking\CoworkingPage.tsx
FN:6,CoworkingPage
FN:10,(anonymous_2)
FNF:2
FNH:2
FNDA:2,CoworkingPage
FNDA:1,(anonymous_2)
DA:1,2
DA:2,2
DA:4,2
DA:5,2
DA:7,2
DA:8,2
DA:10,2
DA:11,1
DA:12,0
DA:13,1
DA:14,0
DA:18,2
DA:19,2
DA:21,0
DA:36,2
LF:15
LH:12
BRDA:11,0,0,0
BRDA:11,0,1,1
BRDA:13,1,0,0
BRDA:18,2,0,2
BRF:4
BRH:2
end_of_record
TN:
SF:src\Pages\Home\Home.tsx
FN:6,Home
FNF:1
FNH:1
FNDA:2,Home
DA:1,1
DA:2,1
DA:3,1
DA:4,1
DA:7,2
DA:17,1
LF:6
LH:6
BRF:0
BRH:0
end_of_record
TN:
SF:src\Pages\Menu\Menu.tsx
FN:5,Menu
FN:9,(anonymous_2)
FNF:2
FNH:0
FNDA:0,Menu
FNDA:0,(anonymous_2)
DA:1,1
DA:2,1
DA:3,1
DA:6,0
DA:7,0
DA:9,0
DA:10,0
DA:13,0
DA:21,1
LF:9
LH:4
BRF:0
BRH:0
end_of_record
TN:
SF:src\assets\logo.svg
FNF:0
FNH:0
DA:1,3
LF:1
LH:1
BRF:0
BRH:0
end_of_record
TN:
SF:src\assets\mail.svg
FNF:0
FNH:0
DA:1,3
LF:1
LH:1
BRF:0
BRH:0
end_of_record
TN:
SF:src\assets\phone.svg
FNF:0
FNH:0
DA:1,3
LF:1
LH:1
BRF:0
BRH:0
end_of_record
TN:
SF:src\assets\pin.svg
FNF:0
FNH:0
DA:1,3
LF:1
LH:1
BRF:0
BRH:0
end_of_record
TN:
SF:src\store\store.ts
FN:16,(anonymous_1)
FNF:1
FNH:1
FNDA:13,(anonymous_1)
DA:1,13
DA:2,13
DA:3,13
DA:4,13
DA:5,13
DA:7,13
DA:14,13
DA:16,13
LF:8
LH:8
BRF:0
BRH:0
end_of_record
TN:
SF:src\store\slices\Categories.slice.ts
FN:18,(anonymous_0)
FN:21,(anonymous_1)
FN:28,(anonymous_2)
FN:29,(anonymous_3)
FNF:4
FNH:2
FNDA:1,(anonymous_0)
FNDA:0,(anonymous_1)
FNDA:4,(anonymous_2)
FNDA:0,(anonymous_3)
DA:1,13
DA:9,13
DA:14,13
DA:19,1
DA:22,0
DA:27,13
DA:28,13
DA:29,13
DA:31,13
LF:9
LH:8
BRF:0
BRH:0
end_of_record
TN:
SF:src\store\slices\Form.slice.ts
FN:14,(anonymous_0)
FN:17,(anonymous_1)
FN:20,(anonymous_2)
FN:23,(anonymous_3)
FN:26,(anonymous_4)
FN:32,(anonymous_5)
FN:40,(anonymous_6)
FNF:7
FNH:0
FNDA:0,(anonymous_0)
FNDA:0,(anonymous_1)
FNDA:0,(anonymous_2)
FNDA:0,(anonymous_3)
FNDA:0,(anonymous_4)
FNDA:0,(anonymous_5)
FNDA:0,(anonymous_6)
DA:1,13
DA:4,13
DA:15,0
DA:18,0
DA:21,0
DA:24,0
DA:27,0
DA:28,0
DA:29,0
DA:30,0
DA:33,0
DA:38,13
DA:40,13
DA:42,13
LF:14
LH:5
BRF:0
BRH:0
end_of_record
TN:
SF:src\store\slices\Products.slice.ts
FN:9,(anonymous_0)
FN:17,(anonymous_1)
FNF:2
FNH:2
FNDA:1,(anonymous_0)
FNDA:4,(anonymous_1)
DA:1,13
DA:4,13
DA:10,1
DA:15,13
DA:17,13
DA:19,13
LF:6
LH:6
BRF:0
BRH:0
end_of_record
